2023-09-18 15:47:54,808 [INFO] Activator:176 - 


2023-09-18 15:47:54,809 [INFO] Activator:177 - !SESSION log4j initialized
2023-09-18 15:47:56,880 [INFO] LogOutputStream:77 - [STDOUT_REDIRECT] 
2023-09-18 15:47:58,494 [INFO] ApplicationProperties:184 - Using Application install path: C:\ST\STM32CubeIDE_1.13.1\STM32CubeIDE\plugins\com.st.stm32cube.common.mx_6.9.1.202307191849
2023-09-18 15:47:58,506 [INFO] DbMcusXml:78 - Set database path to: C:\ST\STM32CubeIDE_1.13.1\STM32CubeIDE\plugins\com.st.stm32cube.common.mx_6.9.1.202307191849\\db\/mcu/
2023-09-18 15:47:58,507 [INFO] ApiDb:274 - Set plugin database path to: C:\ST\STM32CubeIDE_1.13.1\STM32CubeIDE\plugins\com.st.stm32cube.common.mx_6.9.1.202307191849\\db\/plugins/boardmanager/
2023-09-18 15:47:58,507 [WARN] ApiDb:259 - Overriding images path with different value:  => C:\ST\STM32CubeIDE_1.13.1\STM32CubeIDE\plugins\com.st.stm32cube.common.mx_6.9.1.202307191849\\db\/plugins/mcufinder/images/
2023-09-18 15:47:58,513 [INFO] ApiDb:250 - Set database path to: C:\Users\thier\.stmcufinder\plugins\mcufinder//mcu/
2023-09-18 15:47:58,515 [INFO] DbMcusAds:125 - Set database path to: C:\Users\thier\.stmcufinder\plugins\mcufinder//mcu/
2023-09-18 15:47:58,516 [INFO] CrossReferenceDbSqlite:203 - Set database path to: C:\Users\thier\.stmcufinder\plugins\mcufinder//mcu/cs/
2023-09-18 15:47:58,606 [INFO] RulesReader:64 - Compatibility file has been processed (293 Rules)
2023-09-18 15:47:58,665 [INFO] DbMcusXml:78 - Set database path to: C:\ST\STM32CubeIDE_1.13.1\STM32CubeIDE\plugins\com.st.stm32cube.common.mx_6.9.1.202307191849\\db\/mcu/
2023-09-18 15:47:58,665 [INFO] ApiDb:274 - Set plugin database path to: C:\ST\STM32CubeIDE_1.13.1\STM32CubeIDE\plugins\com.st.stm32cube.common.mx_6.9.1.202307191849\\db\/plugins/boardmanager/
2023-09-18 15:47:58,665 [INFO] ApiDb:261 - Set plugin images path to: C:\ST\STM32CubeIDE_1.13.1\STM32CubeIDE\plugins\com.st.stm32cube.common.mx_6.9.1.202307191849\\db\/plugins/mcufinder/images/
2023-09-18 15:47:58,665 [WARN] DbFile:41 - Overriding database path with different value: C:\Users\thier\.stmcufinder\plugins\mcufinder/ => C:\Users\thier\.stmcufinder\plugins\mcufinder
2023-09-18 15:47:58,666 [INFO] ApiDb:250 - Set database path to: C:\Users\thier\.stmcufinder\plugins\mcufinder//mcu/
2023-09-18 15:47:58,666 [WARN] DbFile:41 - Overriding database path with different value: C:\Users\thier\.stmcufinder\plugins\mcufinder/ => C:\Users\thier\.stmcufinder\plugins\mcufinder
2023-09-18 15:47:58,666 [INFO] DbMcusAds:125 - Set database path to: C:\Users\thier\.stmcufinder\plugins\mcufinder//mcu/
2023-09-18 15:47:58,666 [WARN] DbFile:41 - Overriding database path with different value: C:\Users\thier\.stmcufinder\plugins\mcufinder/ => C:\Users\thier\.stmcufinder\plugins\mcufinder
2023-09-18 15:47:58,666 [WARN] DbFile:41 - Overriding database path with different value: C:\Users\thier\.stmcufinder\plugins\mcufinder/ => C:\Users\thier\.stmcufinder\plugins\mcufinder
2023-09-18 15:47:58,666 [INFO] CrossReferenceDbSqlite:203 - Set database path to: C:\Users\thier\.stmcufinder\plugins\mcufinder//mcu/cs/
2023-09-18 15:47:58,727 [INFO] MainPanel:262 - HeapMemory: 268435456
2023-09-18 15:47:58,779 [INFO] DbMcusXml:78 - Set database path to: C:\ST\STM32CubeIDE_1.13.1\STM32CubeIDE\plugins\com.st.stm32cube.common.mx_6.9.1.202307191849\\db\/mcu/
2023-09-18 15:47:58,779 [INFO] ApiDb:274 - Set plugin database path to: C:\ST\STM32CubeIDE_1.13.1\STM32CubeIDE\plugins\com.st.stm32cube.common.mx_6.9.1.202307191849\\db\/plugins/boardmanager/
2023-09-18 15:47:58,779 [INFO] ApiDb:261 - Set plugin images path to: C:\ST\STM32CubeIDE_1.13.1\STM32CubeIDE\plugins\com.st.stm32cube.common.mx_6.9.1.202307191849\\db\/plugins/mcufinder/images/
2023-09-18 15:47:58,779 [WARN] DbFile:41 - Overriding database path with different value: C:\Users\thier\.stmcufinder\plugins\mcufinder/ => C:\Users\thier\.stmcufinder\plugins\mcufinder
2023-09-18 15:47:58,779 [INFO] ApiDb:250 - Set database path to: C:\Users\thier\.stmcufinder\plugins\mcufinder//mcu/
2023-09-18 15:47:58,779 [WARN] DbFile:41 - Overriding database path with different value: C:\Users\thier\.stmcufinder\plugins\mcufinder/ => C:\Users\thier\.stmcufinder\plugins\mcufinder
2023-09-18 15:47:58,779 [INFO] DbMcusAds:125 - Set database path to: C:\Users\thier\.stmcufinder\plugins\mcufinder//mcu/
2023-09-18 15:47:58,779 [WARN] DbFile:41 - Overriding database path with different value: C:\Users\thier\.stmcufinder\plugins\mcufinder/ => C:\Users\thier\.stmcufinder\plugins\mcufinder
2023-09-18 15:47:58,779 [WARN] DbFile:41 - Overriding database path with different value: C:\Users\thier\.stmcufinder\plugins\mcufinder/ => C:\Users\thier\.stmcufinder\plugins\mcufinder
2023-09-18 15:47:58,779 [INFO] CrossReferenceDbSqlite:203 - Set database path to: C:\Users\thier\.stmcufinder\plugins\mcufinder//mcu/cs/
2023-09-18 15:47:58,792 [INFO] ApplicationProperties:184 - Using Application install path: C:\ST\STM32CubeIDE_1.13.1\STM32CubeIDE\plugins\com.st.stm32cube.common.mx_6.9.1.202307191849
2023-09-18 15:47:58,793 [INFO] PluginManage:196 - Search for loadable plugins [exclusion list=, ]
2023-09-18 15:47:58,794 [INFO] PluginManage:310 - Check plugin analytics
2023-09-18 15:47:58,902 [INFO] AnalyticsPlugin:253 - Accepted Software Licenses: 
2023-09-18 15:47:58,903 [INFO] AnalyticsPlugin:255 - Accepted CMSIS Pack Licenses: 
2023-09-18 15:47:58,903 [INFO] AnalyticsPlugin:257 - Accepted Firmware Licenses: FW.G4.1.5.0
2023-09-18 15:47:58,905 [INFO] PluginManage:359 - Loaded plugin analytics (category:tool,tabindex:-1)
2023-09-18 15:47:58,905 [INFO] PluginManage:310 - Check plugin cadmodel
2023-09-18 15:47:58,914 [INFO] CADModel:105 - Init CAD model plugin
2023-09-18 15:47:58,914 [INFO] PluginManage:359 - Loaded plugin cadmodel (category:power,tabindex:5)
2023-09-18 15:47:58,914 [INFO] PluginManage:310 - Check plugin clock
2023-09-18 15:47:58,921 [INFO] PluginManage:359 - Loaded plugin clock (category:base,tabindex:2)
2023-09-18 15:47:58,921 [INFO] PluginManage:310 - Check plugin ddr
2023-09-18 15:47:58,922 [INFO] PluginManage:359 - Loaded plugin ddr (category:tool,tabindex:6)
2023-09-18 15:47:58,923 [INFO] PluginManage:310 - Check plugin filemanager
2023-09-18 15:47:59,017 [INFO] PluginManage:359 - Loaded plugin filemanager (category:base,tabindex:10)
2023-09-18 15:47:59,018 [INFO] PluginManage:310 - Check plugin ipmanager
2023-09-18 15:47:59,023 [INFO] PluginManage:359 - Loaded plugin ipmanager (category:base,tabindex:5)
2023-09-18 15:47:59,023 [INFO] PluginManage:310 - Check plugin lpbam
2023-09-18 15:47:59,031 [INFO] PluginManage:359 - Loaded plugin lpbam (category:base,tabindex:0)
2023-09-18 15:47:59,031 [INFO] PluginManage:310 - Check plugin memorymap
2023-09-18 15:47:59,042 [INFO] PluginManage:359 - Loaded plugin memorymap (category:base,tabindex:4)
2023-09-18 15:47:59,042 [INFO] PluginManage:310 - Check plugin pinoutandconfiguration
2023-09-18 15:47:59,048 [INFO] PluginManage:359 - Loaded plugin pinoutandconfiguration (category:base,tabindex:1)
2023-09-18 15:47:59,048 [INFO] PluginManage:310 - Check plugin pinoutconfig
2023-09-18 15:47:59,140 [WARN] SupportedApi:132 - Cannot load RTOS API schema: s4s-elt-must-match.1: The content of 'definitions' must match (annotation?, (simpleType | complexType)?, (unique | key | keyref)*)). A problem was found starting at: attribute.
2023-09-18 15:47:59,258 [INFO] PluginManage:359 - Loaded plugin pinoutconfig (category:base,tabindex:0)
2023-09-18 15:47:59,258 [INFO] PluginManage:310 - Check plugin power
2023-09-18 15:47:59,263 [INFO] PluginManage:359 - Loaded plugin power (category:power,tabindex:4)
2023-09-18 15:47:59,263 [INFO] PluginManage:310 - Check plugin projectmanager
2023-09-18 15:47:59,272 [INFO] PluginManage:359 - Loaded plugin projectmanager (category:projectmanager,tabindex:3)
2023-09-18 15:47:59,272 [INFO] PluginManage:310 - Check plugin thirdparty
2023-09-18 15:47:59,438 [INFO] PluginManage:359 - Loaded plugin thirdparty (category:base,tabindex:-1)
2023-09-18 15:47:59,439 [INFO] PluginManage:310 - Check plugin tools
2023-09-18 15:47:59,438 [WARN] IntegrityCheckThread:84 - waiting for thirdparty lock release [integrity check]
2023-09-18 15:47:59,439 [INFO] IntegrityCheckThread:86 - entering critical section [integrity check]
2023-09-18 15:47:59,439 [INFO] ThirdPartyUpdaterWithRetryManager:70 - Updater plugin not ready yet. [1/15]
2023-09-18 15:47:59,440 [INFO] PluginManage:359 - Loaded plugin tools (category:base,tabindex:7)
2023-09-18 15:47:59,440 [INFO] PluginManage:310 - Check plugin tutovideos
2023-09-18 15:47:59,564 [INFO] PluginManage:359 - Loaded plugin tutovideos (category:base,tabindex:-1)
2023-09-18 15:47:59,564 [INFO] PluginManage:310 - Check plugin updater
2023-09-18 15:47:59,571 [INFO] PluginManage:359 - Loaded plugin updater (category:base,tabindex:12)
2023-09-18 15:47:59,571 [INFO] PluginManage:310 - Check plugin userauth
2023-09-18 15:47:59,574 [INFO] UserAuth:113 - Init User Auth plugin
2023-09-18 15:47:59,574 [INFO] PluginManage:359 - Loaded plugin userauth (category:base,tabindex:14)
2023-09-18 15:47:59,574 [INFO] PluginManage:283 - PluginManage : Loaded plugins [17]
2023-09-18 15:47:59,722 [INFO] PinOutPanel:1499 - setPackage(No Configuration,No Configuration)
2023-09-18 15:47:59,810 [INFO] CADModel:165 - CPN selected for project level
2023-09-18 15:47:59,810 [INFO] CADModel:114 - Register for checkConnection events
2023-09-18 15:47:59,821 [INFO] IPUIPlugin:80 - create IPUIPlugin
2023-09-18 15:47:59,821 [INFO] PluginManager:220 - loadIPPluginJar : add adc
2023-09-18 15:47:59,823 [INFO] IPUIPlugin:80 - create IPUIPlugin
2023-09-18 15:47:59,823 [INFO] PluginManager:220 - loadIPPluginJar : add aes
2023-09-18 15:47:59,824 [INFO] IPUIPlugin:80 - create IPUIPlugin
2023-09-18 15:47:59,824 [INFO] PluginManager:220 - loadIPPluginJar : add can
2023-09-18 15:47:59,825 [INFO] IPUIPlugin:80 - create IPUIPlugin
2023-09-18 15:47:59,825 [INFO] PluginManager:220 - loadIPPluginJar : add comp
2023-09-18 15:47:59,827 [INFO] IPUIPlugin:80 - create IPUIPlugin
2023-09-18 15:47:59,827 [INFO] PluginManager:220 - loadIPPluginJar : add cryp
2023-09-18 15:47:59,828 [INFO] IPUIPlugin:80 - create IPUIPlugin
2023-09-18 15:47:59,828 [INFO] PluginManager:220 - loadIPPluginJar : add dfsdm
2023-09-18 15:47:59,831 [INFO] IPUIPlugin:80 - create IPUIPlugin
2023-09-18 15:47:59,832 [INFO] PluginManager:220 - loadIPPluginJar : add dma
2023-09-18 15:47:59,833 [INFO] IPUIPlugin:80 - create IPUIPlugin
2023-09-18 15:47:59,833 [INFO] PluginManager:220 - loadIPPluginJar : add dma3
2023-09-18 15:47:59,834 [INFO] IPUIPlugin:80 - create IPUIPlugin
2023-09-18 15:47:59,834 [INFO] PluginManager:220 - loadIPPluginJar : add fatfs
2023-09-18 15:47:59,836 [INFO] IPUIPlugin:80 - create IPUIPlugin
2023-09-18 15:47:59,836 [INFO] PluginManager:220 - loadIPPluginJar : add fmc
2023-09-18 15:47:59,839 [INFO] IPUIPlugin:80 - create IPUIPlugin
2023-09-18 15:47:59,839 [INFO] PluginManager:220 - loadIPPluginJar : add freertos
2023-09-18 15:47:59,839 [INFO] IPUIPlugin:80 - create IPUIPlugin
2023-09-18 15:47:59,839 [INFO] PluginManager:220 - loadIPPluginJar : add genericplugin
2023-09-18 15:47:59,840 [INFO] IPUIPlugin:80 - create IPUIPlugin
2023-09-18 15:47:59,840 [INFO] PluginManager:220 - loadIPPluginJar : add gfxmmu
2023-09-18 15:47:59,843 [INFO] IPUIPlugin:80 - create IPUIPlugin
2023-09-18 15:47:59,843 [INFO] PluginManager:220 - loadIPPluginJar : add gic
2023-09-18 15:47:59,845 [INFO] IPUIPlugin:80 - create IPUIPlugin
2023-09-18 15:47:59,845 [INFO] PluginManager:220 - loadIPPluginJar : add gpio
2023-09-18 15:47:59,846 [INFO] IPUIPlugin:80 - create IPUIPlugin
2023-09-18 15:47:59,846 [INFO] PluginManager:220 - loadIPPluginJar : add gtzc
2023-09-18 15:47:59,847 [INFO] IPUIPlugin:80 - create IPUIPlugin
2023-09-18 15:47:59,847 [INFO] PluginManager:220 - loadIPPluginJar : add hash
2023-09-18 15:47:59,848 [INFO] IPUIPlugin:80 - create IPUIPlugin
2023-09-18 15:47:59,848 [INFO] PluginManager:220 - loadIPPluginJar : add i2c
2023-09-18 15:47:59,850 [INFO] IPUIPlugin:80 - create IPUIPlugin
2023-09-18 15:47:59,850 [INFO] PluginManager:220 - loadIPPluginJar : add i2s
2023-09-18 15:47:59,851 [INFO] IPUIPlugin:80 - create IPUIPlugin
2023-09-18 15:47:59,851 [INFO] PluginManager:220 - loadIPPluginJar : add i3c
2023-09-18 15:47:59,920 [INFO] IPUIPlugin:80 - create IPUIPlugin
2023-09-18 15:47:59,920 [INFO] PluginManager:220 - loadIPPluginJar : add ipddr
2023-09-18 15:47:59,925 [INFO] IPUIPlugin:80 - create IPUIPlugin
2023-09-18 15:47:59,925 [INFO] PluginManager:220 - loadIPPluginJar : add linkedlist
2023-09-18 15:47:59,927 [INFO] IPUIPlugin:80 - create IPUIPlugin
2023-09-18 15:47:59,927 [INFO] PluginManager:220 - loadIPPluginJar : add lorawan
2023-09-18 15:47:59,928 [INFO] IPUIPlugin:80 - create IPUIPlugin
2023-09-18 15:47:59,928 [INFO] PluginManager:220 - loadIPPluginJar : add ltdc
2023-09-18 15:47:59,931 [INFO] IPUIPlugin:80 - create IPUIPlugin
2023-09-18 15:47:59,931 [INFO] PluginManager:220 - loadIPPluginJar : add mdma
2023-09-18 15:47:59,933 [INFO] IPUIPlugin:80 - create IPUIPlugin
2023-09-18 15:47:59,933 [INFO] PluginManager:220 - loadIPPluginJar : add nvic
2023-09-18 15:47:59,935 [INFO] IPUIPlugin:80 - create IPUIPlugin
2023-09-18 15:47:59,935 [INFO] PluginManager:220 - loadIPPluginJar : add opamp
2023-09-18 15:47:59,937 [INFO] IPUIPlugin:80 - create IPUIPlugin
2023-09-18 15:47:59,937 [INFO] PluginManager:220 - loadIPPluginJar : add openamp
2023-09-18 15:47:59,939 [INFO] IPUIPlugin:80 - create IPUIPlugin
2023-09-18 15:47:59,939 [INFO] PluginManager:220 - loadIPPluginJar : add pdm2pcm
2023-09-18 15:47:59,943 [INFO] IPUIPlugin:80 - create IPUIPlugin
2023-09-18 15:47:59,947 [INFO] PluginManager:220 - loadIPPluginJar : add plateformsettings
2023-09-18 15:47:59,948 [INFO] IPUIPlugin:80 - create IPUIPlugin
2023-09-18 15:47:59,948 [INFO] PluginManager:220 - loadIPPluginJar : add quadspi
2023-09-18 15:47:59,950 [INFO] IPUIPlugin:80 - create IPUIPlugin
2023-09-18 15:47:59,950 [INFO] PluginManager:220 - loadIPPluginJar : add resmgrutility
2023-09-18 15:47:59,952 [INFO] IPUIPlugin:80 - create IPUIPlugin
2023-09-18 15:47:59,952 [INFO] PluginManager:220 - loadIPPluginJar : add sai
2023-09-18 15:47:59,954 [INFO] IPUIPlugin:80 - create IPUIPlugin
2023-09-18 15:47:59,954 [INFO] PluginManager:220 - loadIPPluginJar : add spi
2023-09-18 15:47:59,957 [INFO] IPUIPlugin:80 - create IPUIPlugin
2023-09-18 15:47:59,957 [INFO] PluginManager:220 - loadIPPluginJar : add stm32_wpan
2023-09-18 15:47:59,958 [INFO] IPUIPlugin:80 - create IPUIPlugin
2023-09-18 15:47:59,958 [INFO] PluginManager:220 - loadIPPluginJar : add tim
2023-09-18 15:47:59,961 [INFO] IPUIPlugin:80 - create IPUIPlugin
2023-09-18 15:47:59,961 [INFO] PluginManager:220 - loadIPPluginJar : add touchsensing
2023-09-18 15:47:59,962 [INFO] IPUIPlugin:80 - create IPUIPlugin
2023-09-18 15:47:59,962 [INFO] PluginManager:220 - loadIPPluginJar : add tracer_emb
2023-09-18 15:47:59,963 [INFO] IPUIPlugin:80 - create IPUIPlugin
2023-09-18 15:47:59,964 [INFO] PluginManager:220 - loadIPPluginJar : add ts
2023-09-18 15:47:59,965 [INFO] IPUIPlugin:80 - create IPUIPlugin
2023-09-18 15:47:59,965 [INFO] PluginManager:220 - loadIPPluginJar : add tsc
2023-09-18 15:47:59,966 [INFO] IPUIPlugin:80 - create IPUIPlugin
2023-09-18 15:47:59,967 [INFO] PluginManager:220 - loadIPPluginJar : add ucpd
2023-09-18 15:47:59,968 [INFO] IPUIPlugin:80 - create IPUIPlugin
2023-09-18 15:47:59,968 [INFO] PluginManager:220 - loadIPPluginJar : add usart
2023-09-18 15:47:59,970 [INFO] IPUIPlugin:80 - create IPUIPlugin
2023-09-18 15:47:59,970 [INFO] PluginManager:220 - loadIPPluginJar : add usbx
2023-09-18 15:48:00,088 [INFO] CADModel:165 - CPN selected for project level
2023-09-18 15:48:00,088 [INFO] CADModel:114 - Register for checkConnection events
2023-09-18 15:48:00,088 [FATAL] Updater:308 - Updater called before beeing initialized
2023-09-18 15:48:00,088 [ERROR] CADModel:125 - Updater not yet initialized, retry later 
2023-09-18 15:48:00,189 [INFO] CADModel:165 - CPN selected for project level
2023-09-18 15:48:00,189 [INFO] CADModel:114 - Register for checkConnection events
2023-09-18 15:48:00,189 [FATAL] Updater:308 - Updater called before beeing initialized
2023-09-18 15:48:00,189 [ERROR] CADModel:125 - Updater not yet initialized, retry later 
2023-09-18 15:48:00,191 [FATAL] Updater:308 - Updater called before beeing initialized
2023-09-18 15:48:00,282 [FATAL] Updater:308 - Updater called before beeing initialized
2023-09-18 15:48:00,293 [INFO] DbMcusAds:53 - JSON generation date=Tue Mar 07 09:50:55 CET 2023 (1678179055114)
2023-09-18 15:48:00,293 [FATAL] Updater:308 - Updater called before beeing initialized
2023-09-18 15:48:00,321 [WARN] DetailPanel:346 - Failed to get advertising image, set to default
2023-09-18 15:48:00,387 [FATAL] Updater:308 - Updater called before beeing initialized
2023-09-18 15:48:00,388 [FATAL] Updater:308 - Updater called before beeing initialized
2023-09-18 15:48:00,389 [FATAL] Updater:308 - Updater called before beeing initialized
2023-09-18 15:48:00,389 [WARN] DetailPanel:346 - Failed to get advertising image, set to default
2023-09-18 15:48:00,389 [FATAL] Updater:308 - Updater called before beeing initialized
2023-09-18 15:48:00,433 [ERROR] Updater:1120 - MainUpdater not yet initialized. External WinMGr cannot be set.
2023-09-18 15:48:00,441 [INFO] Updater:1056 - Updater Version found : 6.9.1
2023-09-18 15:48:00,450 [INFO] ApplicationProperties:184 - Using Application install path: C:\ST\STM32CubeIDE_1.13.1\STM32CubeIDE\plugins\com.st.stm32cube.common.mx_6.9.1.202307191849
2023-09-18 15:48:00,526 [INFO] MainUpdater:2868 - connection check result : 10
2023-09-18 15:48:00,527 [INFO] MainUpdater:285 - Updater Check For Update Now.
2023-09-18 15:48:00,527 [INFO] MicroXplorer:498 - Change Database Version : DB.6.0.91
2023-09-18 15:48:00,541 [INFO] McuFinderGlobals:63 - Set McuFinder mode to 2 (CubeIDE integrated)
2023-09-18 15:48:00,711 [INFO] CheckServerUpdateThread:120 - End of CheckServer Thread
2023-09-18 15:48:02,556 [WARN] PackLoader:240 - Cannot read IP mode file for STMicroelectronics.X-CUBE-SMBUS.2.1.0
2023-09-18 15:48:02,594 [WARN] PackLoader:240 - Cannot read IP mode file for STMicroelectronics.X-CUBE-AZRTOS-F7.1.1.0
2023-09-18 15:48:02,612 [WARN] PackLoader:240 - Cannot read IP mode file for STMicroelectronics.FP-SNS-MOTENV1.4.3.2
2023-09-18 15:48:02,627 [WARN] PackLoader:240 - Cannot read IP mode file for STMicroelectronics.FP-SNS-FLIGHT1.5.0.2
2023-09-18 15:48:02,642 [WARN] PackLoader:240 - Cannot read IP mode file for STMicroelectronics.X-CUBE-DISPLAY.3.0.0
2023-09-18 15:48:02,660 [WARN] PackLoader:240 - Cannot read IP mode file for STMicroelectronics.X-CUBE-BLE1.7.0.0
2023-09-18 15:48:02,671 [WARN] PackLoader:240 - Cannot read IP mode file for emotas.I-CUBE-CANOPEN.1.3.0
2023-09-18 15:48:02,681 [WARN] PackLoader:240 - Cannot read IP mode file for STMicroelectronics.X-CUBE-TOUCHGFX.4.22.0
2023-09-18 15:48:02,690 [WARN] PackLoader:240 - Cannot read IP mode file for STMicroelectronics.FP-SNS-SMARTAG2.1.2.0
2023-09-18 15:48:02,707 [INFO] LogOutputStream:77 - [STDOUT_REDIRECT] 1 : Invalid condition id : UX_CORESTACK_Condition cause : null
2023-09-18 15:48:02,708 [INFO] LogOutputStream:77 - [STDOUT_REDIRECT] 1 : Invalid condition id : UX_CORESTACK_Condition cause : null
2023-09-18 15:48:02,708 [INFO] LogOutputStream:77 - [STDOUT_REDIRECT] 1 : Invalid condition id : UX_CORESTACK_Condition cause : null
2023-09-18 15:48:02,709 [INFO] LogOutputStream:77 - [STDOUT_REDIRECT] 1 : Invalid condition id : UX_CORESTACK_Condition cause : null
2023-09-18 15:48:02,710 [INFO] LogOutputStream:77 - [STDOUT_REDIRECT] 1 : Invalid condition id : UX_CORESTACK_Condition cause : null
2023-09-18 15:48:02,715 [WARN] PackLoader:240 - Cannot read IP mode file for STMicroelectronics.X-CUBE-AZRTOS-WL.2.0.0
2023-09-18 15:48:02,730 [WARN] PackLoader:240 - Cannot read IP mode file for WES.I-CUBE-Cesium.1.3.0
2023-09-18 15:48:02,741 [WARN] PackLoader:240 - Cannot read IP mode file for STMicroelectronics.X-CUBE-BLE2.3.3.0
2023-09-18 15:48:02,753 [WARN] PackLoader:240 - Cannot read IP mode file for STMicroelectronics.X-CUBE-ALGOBUILD.1.3.0
2023-09-18 15:48:02,778 [WARN] PackLoader:240 - Cannot read IP mode file for STMicroelectronics.X-CUBE-AZRTOS-G0.1.1.0
2023-09-18 15:48:02,792 [WARN] PackLoader:240 - Cannot read IP mode file for STMicroelectronics.X-CUBE-NFC4.3.0.0
2023-09-18 15:48:02,800 [WARN] PackLoader:240 - Cannot read IP mode file for STMicroelectronics.FP-ATR-SIGFOX1.3.2.0
2023-09-18 15:48:02,828 [WARN] PackLoader:240 - Cannot read IP mode file for SEGGER.I-CUBE-embOS.1.3.1
2023-09-18 15:48:02,863 [WARN] PackLoader:240 - Cannot read IP mode file for STMicroelectronics.X-CUBE-GNSS1.6.0.0
2023-09-18 15:48:02,884 [WARN] PackLoader:240 - Cannot read IP mode file for STMicroelectronics.X-CUBE-AZRTOS-F4.1.1.0
2023-09-18 15:48:02,894 [WARN] PackLoader:240 - Cannot read IP mode file for wolfSSL.I-CUBE-wolfSSL.5.6.3
2023-09-18 15:48:02,920 [WARN] PackLoader:240 - Cannot read IP mode file for STMicroelectronics.X-CUBE-AZRTOS-L5.2.0.0
2023-09-18 15:48:02,978 [WARN] PackLoader:240 - Cannot read IP mode file for STMicroelectronics.X-CUBE-MEMS1.9.6.0
2023-09-18 15:48:03,079 [WARN] PackLoader:240 - Cannot read IP mode file for STMicroelectronics.X-CUBE-BLEMGR.2.0.0
2023-09-18 15:48:03,104 [WARN] ConditionMgr:438 - getConditionDescription Invalid condition id : UX DEVICE CLASS RTOS Condition cause : null
2023-09-18 15:48:03,104 [WARN] ConditionMgr:438 - getConditionDescription Invalid condition id : UX DEVICE CLASS RTOS Condition cause : null
2023-09-18 15:48:03,107 [WARN] PackLoader:240 - Cannot read IP mode file for STMicroelectronics.X-CUBE-AZRTOS-H7.3.1.0
2023-09-18 15:48:03,108 [WARN] ConditionMgr:1039 - genDependencies : Invalid condition id : UX DEVICE CLASS RTOS Condition cause : null
2023-09-18 15:48:03,108 [WARN] ConditionMgr:1039 - genDependencies : Invalid condition id : UX DEVICE CLASS RTOS Condition cause : null
2023-09-18 15:48:03,108 [WARN] ConditionMgr:1039 - genDependencies : Invalid condition id : UX DEVICE CLASS RTOS Condition cause : null
2023-09-18 15:48:03,108 [WARN] ConditionMgr:1039 - genDependencies : Invalid condition id : UX DEVICE CLASS RTOS Condition cause : null
2023-09-18 15:48:03,108 [WARN] ConditionMgr:1039 - genDependencies : Invalid condition id : UX DEVICE CLASS RTOS Condition cause : null
2023-09-18 15:48:03,125 [WARN] PackLoader:240 - Cannot read IP mode file for STMicroelectronics.X-CUBE-NFC7.1.0.1
2023-09-18 15:48:03,137 [WARN] PackLoader:240 - Cannot read IP mode file for STMicroelectronics.X-CUBE-NFC6.3.0.0
2023-09-18 15:48:03,148 [WARN] PackLoader:240 - Cannot read IP mode file for STMicroelectronics.X-CUBE-EEPRMA1.4.1.0
2023-09-18 15:48:03,157 [WARN] PackLoader:240 - Cannot read IP mode file for STMicroelectronics.X-CUBE-AI.8.1.0
2023-09-18 15:48:03,177 [WARN] ConditionMgr:438 - getConditionDescription Invalid condition id : LAN8742 Phy interface Condition cause : null
2023-09-18 15:48:03,177 [WARN] PackLoader:240 - Cannot read IP mode file for STMicroelectronics.X-CUBE-AZRTOS-L4.2.0.0
2023-09-18 15:48:03,178 [WARN] ConditionMgr:1039 - genDependencies : Invalid condition id : LAN8742 Phy interface Condition cause : null
2023-09-18 15:48:03,178 [WARN] ConditionMgr:1039 - genDependencies : Invalid condition id : LAN8742 Phy interface Condition cause : null
2023-09-18 15:48:03,179 [WARN] ConditionMgr:1039 - genDependencies : Invalid condition id : LAN8742 Phy interface Condition cause : null
2023-09-18 15:48:03,190 [WARN] PackLoader:240 - Cannot read IP mode file for STMicroelectronics.X-CUBE-SFXS2LP1.4.0.0
2023-09-18 15:48:03,200 [WARN] PackLoader:240 - Cannot read IP mode file for STMicroelectronics.X-CUBE-ISPU.1.1.0
2023-09-18 15:48:03,215 [WARN] ConditionMgr:438 - getConditionDescription Invalid condition id : UX DEVICE CLASS RTOS Condition cause : null
2023-09-18 15:48:03,216 [WARN] ConditionMgr:438 - getConditionDescription Invalid condition id : UX DEVICE CLASS RTOS Condition cause : null
2023-09-18 15:48:03,217 [WARN] PackLoader:240 - Cannot read IP mode file for STMicroelectronics.X-CUBE-AZRTOS-WB.2.0.0
2023-09-18 15:48:03,217 [WARN] ConditionMgr:1039 - genDependencies : Invalid condition id : UX DEVICE CLASS RTOS Condition cause : null
2023-09-18 15:48:03,217 [WARN] ConditionMgr:1039 - genDependencies : Invalid condition id : UX DEVICE CLASS RTOS Condition cause : null
2023-09-18 15:48:03,217 [WARN] ConditionMgr:1039 - genDependencies : Invalid condition id : UX DEVICE CLASS RTOS Condition cause : null
2023-09-18 15:48:03,218 [WARN] ConditionMgr:1039 - genDependencies : Invalid condition id : UX DEVICE CLASS RTOS Condition cause : null
2023-09-18 15:48:03,218 [WARN] ConditionMgr:1039 - genDependencies : Invalid condition id : UX DEVICE CLASS RTOS Condition cause : null
2023-09-18 15:48:03,232 [WARN] PackLoader:240 - Cannot read IP mode file for STMicroelectronics.X-CUBE-SUBG2.5.0.0
2023-09-18 15:48:03,247 [WARN] PackLoader:240 - Cannot read IP mode file for STMicroelectronics.X-CUBE-TOF1.3.3.1
2023-09-18 15:48:03,268 [WARN] PackLoader:240 - Cannot read IP mode file for STMicroelectronics.X-CUBE-AZRTOS-G4.2.0.0
2023-09-18 15:48:03,278 [WARN] PackLoader:240 - Cannot read IP mode file for STMicroelectronics.X-CUBE-FREERTOS.1.1.0
2023-09-18 15:48:03,289 [WARN] PackLoader:240 - Cannot read IP mode file for portGmbH.I-Cube-SoM-uGOAL.1.1.0
2023-09-18 15:48:03,299 [WARN] PackLoader:240 - Cannot read IP mode file for STMicroelectronics.X-CUBE-ALS.1.0.1
2023-09-18 15:48:03,307 [WARN] PackLoader:240 - Cannot read IP mode file for STMicroelectronics.FP-ATR-ASTRA1.2.0.0
2023-09-18 15:48:03,308 [INFO] ThirdParty:978 - Integrity check success = true
2023-09-18 15:48:03,308 [INFO] IntegrityCheckThread:100 - exiting critical section [integrity check]
2023-09-18 15:48:03,308 [INFO] IntegrityCheckThread:103 - End integrity checks thread
2023-09-18 15:48:21,133 [ERROR] LogOutputStream:75 - [STDERR_REDIRECT] SLF4J: Failed to load class "org.slf4j.impl.StaticLoggerBinder".
2023-09-18 15:48:21,133 [ERROR] LogOutputStream:75 - [STDERR_REDIRECT] SLF4J: Defaulting to no-operation (NOP) logger implementation
2023-09-18 15:48:21,134 [ERROR] LogOutputStream:75 - [STDERR_REDIRECT] SLF4J: See http://www.slf4j.org/codes.html#StaticLoggerBinder for further details.
